# JRE version: Java(TM) SE Runtime Environment (7.0_51-b13) (build 1.7.0_51-b13)
# Java VM: Java HotSpot(TM) Client VM (24.51-b03 mixed mode linux-x86 )
Heap
 def new generation   total 38016K, used 15058K [0x839d0000, 0x86310000, 0x8e470000)
  eden space 33792K,  32% used [0x839d0000, 0x84464860, 0x85ad0000)
  from space 4224K, 100% used [0x85ad0000, 0x85ef0000, 0x85ef0000)
  to   space 4224K,   0% used [0x85ef0000, 0x85ef0000, 0x86310000)
 tenured generation   total 84240K, used 53404K [0x8e470000, 0x936b4000, 0xa39d0000)
   the space 84240K,  63% used [0x8e470000, 0x918972a0, 0x91897400, 0x936b4000)
 compacting perm gen  total 44800K, used 44727K [0xa39d0000, 0xa6590000, 0xb39d0000)
   the space 44800K,  99% used [0xa39d0000, 0xa657dd00, 0xa657de00, 0xa6590000)
GC Heap History (10 events):
Event: 31,426 GC heap before
{Heap before GC invocations=61 (full 7):
 def new generation   total 38016K, used 35599K [0x839d0000, 0x86310000, 0x8e470000)
  eden space 33792K,  99% used [0x839d0000, 0x85ace9a8, 0x85ad0000)
  from space 4224K,  42% used [0x85ef0000, 0x860b53e0, 0x86310000)
  to   space 4224K,   0% used [0x85ad0000, 0x85ad0000, 0x85ef0000)
 tenured generation   total 84240K, used 50543K [0x8e470000, 0x936b4000, 0xa39d0000)
   the space 84240K,  59% used [0x8e470000, 0x915cbe60, 0x915cc000, 0x936b4000)
 compacting perm gen  total 41216K, used 41125K [0xa39d0000, 0xa6210000, 0xb39d0000)
   the space 41216K,  99% used [0xa39d0000, 0xa61f94c0, 0xa61f9600, 0xa6210000)
No shared spaces configured.
Event: 31,444 GC heap after
Heap after GC invocations=62 (full 7):
 def new generation   total 38016K, used 3634K [0x839d0000, 0x86310000, 0x8e470000)
  eden space 33792K,   0% used [0x839d0000, 0x839d0000, 0x85ad0000)
  from space 4224K,  86% used [0x85ad0000, 0x85e5c838, 0x85ef0000)
  to   space 4224K,   0% used [0x85ef0000, 0x85ef0000, 0x86310000)
 tenured generation   total 84240K, used 50543K [0x8e470000, 0x936b4000, 0xa39d0000)
   the space 84240K,  59% used [0x8e470000, 0x915cbe60, 0x915cc000, 0x936b4000)
 compacting perm gen  total 41216K, used 41125K [0xa39d0000, 0xa6210000, 0xb39d0000)
   the space 41216K,  99% used [0xa39d0000, 0xa61f94c0, 0xa61f9600, 0xa6210000)
No shared spaces configured.
}
Event: 31,611 GC heap before
{Heap before GC invocations=62 (full 7):
 def new generation   total 38016K, used 37426K [0x839d0000, 0x86310000, 0x8e470000)
  eden space 33792K, 100% used [0x839d0000, 0x85ad0000, 0x85ad0000)
  from space 4224K,  86% used [0x85ad0000, 0x85e5c888, 0x85ef0000)
  to   space 4224K,   0% used [0x85ef0000, 0x85ef0000, 0x86310000)
 tenured generation   total 84240K, used 50543K [0x8e470000, 0x936b4000, 0xa39d0000)
   the space 84240K,  59% used [0x8e470000, 0x915cbe60, 0x915cc000, 0x936b4000)
 compacting perm gen  total 41472K, used 41399K [0xa39d0000, 0xa6250000, 0xb39d0000)
   the space 41472K,  99% used [0xa39d0000, 0xa623ddd8, 0xa623de00, 0xa6250000)
No shared spaces configured.
Event: 31,631 GC heap after
Heap after GC invocations=63 (full 7):
 def new generation   total 38016K, used 2079K [0x839d0000, 0x86310000, 0x8e470000)
  eden space 33792K,   0% used [0x839d0000, 0x839d0000, 0x85ad0000)
  from space 4224K,  49% used [0x85ef0000, 0x860f7e68, 0x86310000)
  to   space 4224K,   0% used [0x85ad0000, 0x85ad0000, 0x85ef0000)
 tenured generation   total 84240K, used 51950K [0x8e470000, 0x936b4000, 0xa39d0000)
   the space 84240K,  61% used [0x8e470000, 0x9172b918, 0x9172ba00, 0x936b4000)
 compacting perm gen  total 41472K, used 41399K [0xa39d0000, 0xa6250000, 0xb39d0000)
   the space 41472K,  99% used [0xa39d0000, 0xa623ddd8, 0xa623de00, 0xa6250000)
No shared spaces configured.
}
Event: 32,051 GC heap before
{Heap before GC invocations=63 (full 7):
 def new generation   total 38016K, used 35871K [0x839d0000, 0x86310000, 0x8e470000)
  eden space 33792K,  99% used [0x839d0000, 0x85acffb0, 0x85ad0000)
  from space 4224K,  49% used [0x85ef0000, 0x860f7e68, 0x86310000)
  to   space 4224K,   0% used [0x85ad0000, 0x85ad0000, 0x85ef0000)
 tenured generation   total 84240K, used 51950K [0x8e470000, 0x936b4000, 0xa39d0000)
   the space 84240K,  61% used [0x8e470000, 0x9172b918, 0x9172ba00, 0x936b4000)
 compacting perm gen  total 41728K, used 41544K [0xa39d0000, 0xa6290000, 0xb39d0000)
   the space 41728K,  99% used [0xa39d0000, 0xa62620a8, 0xa6262200, 0xa6290000)
No shared spaces configured.
Event: 32,067 GC heap after
Heap after GC invocations=64 (full 7):
 def new generation   total 38016K, used 1864K [0x839d0000, 0x86310000, 0x8e470000)
  eden space 33792K,   0% used [0x839d0000, 0x839d0000, 0x85ad0000)
  from space 4224K,  44% used [0x85ad0000, 0x85ca2020, 0x85ef0000)
  to   space 4224K,   0% used [0x85ef0000, 0x85ef0000, 0x86310000)
 tenured generation   total 84240K, used 51950K [0x8e470000, 0x936b4000, 0xa39d0000)
   the space 84240K,  61% used [0x8e470000, 0x9172b918, 0x9172ba00, 0x936b4000)
 compacting perm gen  total 41728K, used 41544K [0xa39d0000, 0xa6290000, 0xb39d0000)
   the space 41728K,  99% used [0xa39d0000, 0xa62620a8, 0xa6262200, 0xa6290000)
No shared spaces configured.
}
Event: 32,502 GC heap before
{Heap before GC invocations=64 (full 7):
 def new generation   total 38016K, used 35656K [0x839d0000, 0x86310000, 0x8e470000)
  eden space 33792K, 100% used [0x839d0000, 0x85ad0000, 0x85ad0000)
  from space 4224K,  44% used [0x85ad0000, 0x85ca2020, 0x85ef0000)
  to   space 4224K,   0% used [0x85ef0000, 0x85ef0000, 0x86310000)
 tenured generation   total 84240K, used 51950K [0x8e470000, 0x936b4000, 0xa39d0000)
   the space 84240K,  61% used [0x8e470000, 0x9172b918, 0x9172ba00, 0x936b4000)
 compacting perm gen  total 41728K, used 41672K [0xa39d0000, 0xa6290000, 0xb39d0000)
   the space 41728K,  99% used [0xa39d0000, 0xa62820c8, 0xa6282200, 0xa6290000)
No shared spaces configured.
Event: 32,521 GC heap after
Heap after GC invocations=65 (full 7):
 def new generation   total 38016K, used 2918K [0x839d0000, 0x86310000, 0x8e470000)
  eden space 33792K,   0% used [0x839d0000, 0x839d0000, 0x85ad0000)
  from space 4224K,  69% used [0x85ef0000, 0x861c99c8, 0x86310000)
  to   space 4224K,   0% used [0x85ad0000, 0x85ad0000, 0x85ef0000)
 tenured generation   total 84240K, used 51950K [0x8e470000, 0x936b4000, 0xa39d0000)
   the space 84240K,  61% used [0x8e470000, 0x9172b918, 0x9172ba00, 0x936b4000)
 compacting perm gen  total 41728K, used 41672K [0xa39d0000, 0xa6290000, 0xb39d0000)
   the space 41728K,  99% used [0xa39d0000, 0xa62820c8, 0xa6282200, 0xa6290000)
No shared spaces configured.
}
Event: 33,468 GC heap before
{Heap before GC invocations=65 (full 7):
 def new generation   total 38016K, used 36710K [0x839d0000, 0x86310000, 0x8e470000)
  eden space 33792K, 100% used [0x839d0000, 0x85ad0000, 0x85ad0000)
  from space 4224K,  69% used [0x85ef0000, 0x861c99c8, 0x86310000)
  to   space 4224K,   0% used [0x85ad0000, 0x85ad0000, 0x85ef0000)
 tenured generation   total 84240K, used 51950K [0x8e470000, 0x936b4000, 0xa39d0000)
   the space 84240K,  61% used [0x8e470000, 0x9172b918, 0x9172ba00, 0x936b4000)
 compacting perm gen  total 44032K, used 43845K [0xa39d0000, 0xa64d0000, 0xb39d0000)
   the space 44032K,  99% used [0xa39d0000, 0xa64a16c0, 0xa64a1800, 0xa64d0000)
No shared spaces configured.
Event: 33,494 GC heap after
Heap after GC invocations=66 (full 7):
 def new generation   total 38016K, used 4224K [0x839d0000, 0x86310000, 0x8e470000)
  eden space 33792K,   0% used [0x839d0000, 0x839d0000, 0x85ad0000)
  from space 4224K, 100% used [0x85ad0000, 0x85ef0000, 0x85ef0000)
  to   space 4224K,   0% used [0x85ef0000, 0x85ef0000, 0x86310000)
 tenured generation   total 84240K, used 53404K [0x8e470000, 0x936b4000, 0xa39d0000)
   the space 84240K,  63% used [0x8e470000, 0x918972a0, 0x91897400, 0x936b4000)
 compacting perm gen  total 44032K, used 43845K [0xa39d0000, 0xa64d0000, 0xb39d0000)
   the space 44032K,  99% used [0xa39d0000, 0xa64a16c0, 0xa64a1800, 0xa64d0000)
No shared spaces configured.
}

